
2026-03-04 08:06:59 - klasy_jesien.runner - INFO - 









######################################################################
2026-03-04 08:06:59 - klasy_data.d1_pds - INFO - ================================================================================
2026-03-04 08:06:59 - klasy_data.d1_pds - INFO - Inicjalizacja PdsSetup w PdsSetup
2026-03-04 08:06:59 - klasy_data.d1_pds - INFO - Wczytuje dane z pliku CSV ../mojecsvy/gdaciep/cieplo_pogoda_czas__sg.csv
2026-03-04 08:07:00 - klasy_data.d1_pds - DEBUG - Sorted columns of df: ['cloud_cover', 'cos_day_of_week', 'cos_hour', 'cos_month', 'day_of_week', 'day_of_year', 'diffuse_radiation', 'direct_radiation', 'ghi', 'hour', 'humidity', 'is_weekend', 'lag_168_MW_th', 'lag_1_MW_th', 'lag_24_MW_th', 'lag_2_MW_th', 'lag_48_MW_th', 'month', 'roll_mean_48_MW_th', 'roll_mean_48_cloud_cover', 'roll_mean_48_diffuse_radiation', 'roll_mean_48_direct_radiation', 'roll_mean_48_humidity', 'roll_mean_48_t_air', 'roll_mean_48_t_powrotu', 'roll_mean_48_t_zasilania', 'roll_mean_48_wind_speed_100m', 'roll_mean_48_wind_speed_10m', 'roll_mean_6_MW_th', 'roll_mean_6_cloud_cover', 'roll_mean_6_diffuse_radiation', 'roll_mean_6_direct_radiation', 'roll_mean_6_humidity', 'roll_mean_6_t_air', 'roll_mean_6_t_powrotu', 'roll_mean_6_t_zasilania', 'roll_mean_6_wind_speed_100m', 'roll_mean_6_wind_speed_10m', 'sin_day_of_week', 'sin_hour', 'sin_month', 't_air', 't_powrotu', 't_zasilania', 'target', 'wind_speed_100m', 'wind_speed_10m']
2026-03-04 08:07:00 - klasy_data.d1_pds - INFO - ^^^^^^UWAGA UWAGA, TYLKO KOLUMNY TYPU float ZOSTANA SCALED^^^^^
2026-03-04 08:07:00 - klasy_data.d1_pds - INFO - Index(['t_air', 't_powrotu', 't_zasilania', 'wind_speed_10m',
       'wind_speed_100m', 'ghi', 'direct_radiation', 'diffuse_radiation',
       'sin_hour', 'cos_hour', 'sin_month', 'cos_month', 'sin_day_of_week',
       'cos_day_of_week', 'roll_mean_6_MW_th', 'roll_mean_6_cloud_cover',
       'roll_mean_6_diffuse_radiation', 'roll_mean_6_direct_radiation',
       'roll_mean_6_humidity', 'roll_mean_6_t_air', 'roll_mean_6_t_powrotu',
       'roll_mean_6_t_zasilania', 'roll_mean_6_wind_speed_100m',
       'roll_mean_6_wind_speed_10m', 'roll_mean_48_MW_th',
       'roll_mean_48_cloud_cover', 'roll_mean_48_diffuse_radiation',
       'roll_mean_48_direct_radiation', 'roll_mean_48_humidity',
       'roll_mean_48_t_air', 'roll_mean_48_t_powrotu',
       'roll_mean_48_t_zasilania', 'roll_mean_48_wind_speed_100m',
       'roll_mean_48_wind_speed_10m', 'lag_1_MW_th', 'lag_2_MW_th',
       'lag_24_MW_th', 'lag_48_MW_th', 'lag_168_MW_th'],
      dtype='object')
2026-03-04 08:07:00 - klasy_data.d1_pds - INFO - ^^^^^^SKALOWANIE POWIODLO SIE^^^^^
2026-03-04 08:07:00 - klasy_data.d1_pds - INFO - jest 43635 i 43635, len(df) i len(df_for_keras) powinny być sobie równe

2026-03-04 08:07:00 - klasy_jesien.archit1_shallow - INFO - 

==================Data Mono==================
2026-03-04 08:07:00 - klasy_jesien.archit1_shallow - INFO - 

=========Run 0=========
2026-03-04 08:08:33 - klasy_jesien.archit1_shallow - INFO - Czas treningu dla Run 0: 2 minut 
nval_mse, val_mae = 8.478, 1.711
2026-03-04 08:08:33 - klasy_jesien.archit1_shallow - INFO - 

=========Run 1=========
2026-03-04 08:10:33 - Comm - DEBUG - handle_close[c6bee100178e11f19e6f52540011ade1]({'header': {'msg_id': '83197757-d220b37fa447db51fbf87275_10122_18', 'msg_type': 'comm_close', 'username': 'sylwia', 'session': '83197757-d220b37fa447db51fbf87275', 'date': datetime.datetime(2026, 3, 4, 7, 10, 33, 797206, tzinfo=tzutc()), 'version': '5.3'}, 'msg_id': '83197757-d220b37fa447db51fbf87275_10122_18', 'msg_type': 'comm_close', 'parent_header': {}, 'metadata': {}, 'content': {'comm_id': 'c6bee100178e11f19e6f52540011ade1', 'data': {}}, 'buffers': []})
2026-03-04 08:18:17 - klasy_jesien.runner - INFO - 









######################################################################
2026-03-04 08:18:17 - klasy_data.d1_pds - INFO - ================================================================================
2026-03-04 08:18:17 - klasy_data.d1_pds - INFO - Inicjalizacja PdsSetup w PdsSetup
2026-03-04 08:18:17 - klasy_data.d1_pds - INFO - Wczytuje dane z pliku CSV ../mojecsvy/gdaciep/cieplo_pogoda_czas__sg.csv
2026-03-04 08:18:17 - klasy_data.d1_pds - DEBUG - Sorted columns of df: ['cloud_cover', 'cos_day_of_week', 'cos_hour', 'cos_month', 'day_of_week', 'day_of_year', 'diffuse_radiation', 'direct_radiation', 'ghi', 'hour', 'humidity', 'is_weekend', 'lag_168_MW_th', 'lag_1_MW_th', 'lag_24_MW_th', 'lag_2_MW_th', 'lag_48_MW_th', 'month', 'roll_mean_48_MW_th', 'roll_mean_48_cloud_cover', 'roll_mean_48_diffuse_radiation', 'roll_mean_48_direct_radiation', 'roll_mean_48_humidity', 'roll_mean_48_t_air', 'roll_mean_48_t_powrotu', 'roll_mean_48_t_zasilania', 'roll_mean_48_wind_speed_100m', 'roll_mean_48_wind_speed_10m', 'roll_mean_6_MW_th', 'roll_mean_6_cloud_cover', 'roll_mean_6_diffuse_radiation', 'roll_mean_6_direct_radiation', 'roll_mean_6_humidity', 'roll_mean_6_t_air', 'roll_mean_6_t_powrotu', 'roll_mean_6_t_zasilania', 'roll_mean_6_wind_speed_100m', 'roll_mean_6_wind_speed_10m', 'sin_day_of_week', 'sin_hour', 'sin_month', 't_air', 't_powrotu', 't_zasilania', 'target', 'wind_speed_100m', 'wind_speed_10m']
2026-03-04 08:18:17 - klasy_data.d1_pds - INFO - ^^^^^^UWAGA UWAGA, TYLKO KOLUMNY TYPU float ZOSTANA SCALED^^^^^
2026-03-04 08:18:17 - klasy_data.d1_pds - INFO - Index(['t_air', 't_powrotu', 't_zasilania', 'wind_speed_10m',
       'wind_speed_100m', 'ghi', 'direct_radiation', 'diffuse_radiation',
       'sin_hour', 'cos_hour', 'sin_month', 'cos_month', 'sin_day_of_week',
       'cos_day_of_week', 'roll_mean_6_MW_th', 'roll_mean_6_cloud_cover',
       'roll_mean_6_diffuse_radiation', 'roll_mean_6_direct_radiation',
       'roll_mean_6_humidity', 'roll_mean_6_t_air', 'roll_mean_6_t_powrotu',
       'roll_mean_6_t_zasilania', 'roll_mean_6_wind_speed_100m',
       'roll_mean_6_wind_speed_10m', 'roll_mean_48_MW_th',
       'roll_mean_48_cloud_cover', 'roll_mean_48_diffuse_radiation',
       'roll_mean_48_direct_radiation', 'roll_mean_48_humidity',
       'roll_mean_48_t_air', 'roll_mean_48_t_powrotu',
       'roll_mean_48_t_zasilania', 'roll_mean_48_wind_speed_100m',
       'roll_mean_48_wind_speed_10m', 'lag_1_MW_th', 'lag_2_MW_th',
       'lag_24_MW_th', 'lag_48_MW_th', 'lag_168_MW_th'],
      dtype='object')
2026-03-04 08:18:17 - klasy_data.d1_pds - INFO - ^^^^^^SKALOWANIE POWIODLO SIE^^^^^
2026-03-04 08:18:17 - klasy_data.d1_pds - INFO - jest 43635 i 43635, len(df) i len(df_for_keras) powinny być sobie równe

2026-03-04 08:18:17 - klasy_jesien.archit1_shallow - INFO - 

==================Data Mono==================
2026-03-04 08:18:17 - klasy_jesien.archit1_shallow - INFO - 

=========Run 0=========
2026-03-04 08:19:42 - Comm - DEBUG - handle_close[376c9810179a11f1857352540011ade1]({'header': {'msg_id': 'e2e00b68-8535b84c5dbcb04c1f15d752_18965_12', 'msg_type': 'comm_close', 'username': 'sylwia', 'session': 'e2e00b68-8535b84c5dbcb04c1f15d752', 'date': datetime.datetime(2026, 3, 4, 7, 19, 42, 869640, tzinfo=tzutc()), 'version': '5.3'}, 'msg_id': 'e2e00b68-8535b84c5dbcb04c1f15d752_18965_12', 'msg_type': 'comm_close', 'parent_header': {}, 'metadata': {}, 'content': {'comm_id': '376c9810179a11f1857352540011ade1', 'data': {}}, 'buffers': []})
2026-03-04 08:19:56 - klasy_jesien.runner - INFO - 









######################################################################
2026-03-04 08:19:56 - klasy_data.d1_pds - INFO - ================================================================================
2026-03-04 08:19:56 - klasy_data.d1_pds - INFO - Inicjalizacja PdsSetup w PdsSetup
2026-03-04 08:19:56 - klasy_data.d1_pds - INFO - Wczytuje dane z pliku CSV ../mojecsvy/gdaciep/cieplo_pogoda_czas__sg.csv
2026-03-04 08:19:56 - klasy_data.d1_pds - DEBUG - Sorted columns of df: ['cloud_cover', 'cos_day_of_week', 'cos_hour', 'cos_month', 'day_of_week', 'day_of_year', 'diffuse_radiation', 'direct_radiation', 'ghi', 'hour', 'humidity', 'is_weekend', 'lag_168_MW_th', 'lag_1_MW_th', 'lag_24_MW_th', 'lag_2_MW_th', 'lag_48_MW_th', 'month', 'roll_mean_48_MW_th', 'roll_mean_48_cloud_cover', 'roll_mean_48_diffuse_radiation', 'roll_mean_48_direct_radiation', 'roll_mean_48_humidity', 'roll_mean_48_t_air', 'roll_mean_48_t_powrotu', 'roll_mean_48_t_zasilania', 'roll_mean_48_wind_speed_100m', 'roll_mean_48_wind_speed_10m', 'roll_mean_6_MW_th', 'roll_mean_6_cloud_cover', 'roll_mean_6_diffuse_radiation', 'roll_mean_6_direct_radiation', 'roll_mean_6_humidity', 'roll_mean_6_t_air', 'roll_mean_6_t_powrotu', 'roll_mean_6_t_zasilania', 'roll_mean_6_wind_speed_100m', 'roll_mean_6_wind_speed_10m', 'sin_day_of_week', 'sin_hour', 'sin_month', 't_air', 't_powrotu', 't_zasilania', 'target', 'wind_speed_100m', 'wind_speed_10m']
2026-03-04 08:19:56 - klasy_data.d1_pds - INFO - ^^^^^^UWAGA UWAGA, TYLKO KOLUMNY TYPU float ZOSTANA SCALED^^^^^
2026-03-04 08:19:56 - klasy_data.d1_pds - INFO - Index(['t_air', 't_powrotu', 't_zasilania', 'wind_speed_10m',
       'wind_speed_100m', 'ghi', 'direct_radiation', 'diffuse_radiation',
       'sin_hour', 'cos_hour', 'sin_month', 'cos_month', 'sin_day_of_week',
       'cos_day_of_week', 'roll_mean_6_MW_th', 'roll_mean_6_cloud_cover',
       'roll_mean_6_diffuse_radiation', 'roll_mean_6_direct_radiation',
       'roll_mean_6_humidity', 'roll_mean_6_t_air', 'roll_mean_6_t_powrotu',
       'roll_mean_6_t_zasilania', 'roll_mean_6_wind_speed_100m',
       'roll_mean_6_wind_speed_10m', 'roll_mean_48_MW_th',
       'roll_mean_48_cloud_cover', 'roll_mean_48_diffuse_radiation',
       'roll_mean_48_direct_radiation', 'roll_mean_48_humidity',
       'roll_mean_48_t_air', 'roll_mean_48_t_powrotu',
       'roll_mean_48_t_zasilania', 'roll_mean_48_wind_speed_100m',
       'roll_mean_48_wind_speed_10m', 'lag_1_MW_th', 'lag_2_MW_th',
       'lag_24_MW_th', 'lag_48_MW_th', 'lag_168_MW_th'],
      dtype='object')
2026-03-04 08:19:57 - klasy_data.d1_pds - INFO - ^^^^^^SKALOWANIE POWIODLO SIE^^^^^
2026-03-04 08:19:57 - klasy_data.d1_pds - INFO - jest 43635 i 43635, len(df) i len(df_for_keras) powinny być sobie równe

2026-03-04 08:19:57 - klasy_jesien.archit1_shallow - INFO - 

==================Data Mono==================
2026-03-04 08:19:57 - klasy_jesien.archit1_shallow - INFO - 

=========Run 0=========
2026-03-04 08:21:30 - klasy_jesien.archit1_shallow - INFO - Czas treningu dla Run 0: 2 minut 
nval_mse, val_mae = 8.485, 1.714
2026-03-04 08:21:30 - klasy_jesien.archit1_shallow - INFO - 

=========Run 1=========
2026-03-04 08:22:59 - klasy_jesien.archit1_shallow - INFO - Czas treningu dla Run 1: 1 minut 
nval_mse, val_mae = 8.465, 1.711
2026-03-04 08:26:49 - Comm - DEBUG - handle_close[83ca9388179a11f1857352540011ade1]({'header': {'msg_id': '9d1c5c69-bec6971f04827a2df74e1f6a_18965_13', 'msg_type': 'comm_close', 'username': 'sylwia', 'session': '9d1c5c69-bec6971f04827a2df74e1f6a', 'date': datetime.datetime(2026, 3, 4, 7, 26, 49, 427260, tzinfo=tzutc()), 'version': '5.3'}, 'msg_id': '9d1c5c69-bec6971f04827a2df74e1f6a_18965_13', 'msg_type': 'comm_close', 'parent_header': {}, 'metadata': {}, 'content': {'comm_id': '83ca9388179a11f1857352540011ade1', 'data': {}}, 'buffers': []})
2026-03-06 11:25:15 - klasy_jesien.runner - INFO - 









######################################################################
2026-03-06 11:25:15 - klasy_data.d1_pds - INFO - ================================================================================
2026-03-06 11:25:15 - klasy_data.d1_pds - INFO - Inicjalizacja PdsSetup w PdsSetup
2026-03-06 11:25:15 - klasy_data.d1_pds - INFO - Wczytuje dane z pliku CSV ../mojecsvy/gdaciep/cieplo_pogoda_czas__sg.csv
2026-03-06 11:25:15 - klasy_data.d1_pds - DEBUG - Sorted columns of df: ['cloud_cover', 'cos_day_of_week', 'cos_hour', 'cos_month', 'day_of_week', 'day_of_year', 'diffuse_radiation', 'direct_radiation', 'ghi', 'hour', 'humidity', 'is_weekend', 'lag_168_MW_th', 'lag_1_MW_th', 'lag_24_MW_th', 'lag_2_MW_th', 'lag_48_MW_th', 'month', 'roll_mean_48_MW_th', 'roll_mean_48_cloud_cover', 'roll_mean_48_diffuse_radiation', 'roll_mean_48_direct_radiation', 'roll_mean_48_humidity', 'roll_mean_48_t_air', 'roll_mean_48_t_powrotu', 'roll_mean_48_t_zasilania', 'roll_mean_48_wind_speed_100m', 'roll_mean_48_wind_speed_10m', 'roll_mean_6_MW_th', 'roll_mean_6_cloud_cover', 'roll_mean_6_diffuse_radiation', 'roll_mean_6_direct_radiation', 'roll_mean_6_humidity', 'roll_mean_6_t_air', 'roll_mean_6_t_powrotu', 'roll_mean_6_t_zasilania', 'roll_mean_6_wind_speed_100m', 'roll_mean_6_wind_speed_10m', 'sin_day_of_week', 'sin_hour', 'sin_month', 't_air', 't_powrotu', 't_zasilania', 'target', 'wind_speed_100m', 'wind_speed_10m']
2026-03-06 11:25:15 - klasy_data.d1_pds - INFO - ^^^^^^UWAGA UWAGA, TYLKO KOLUMNY TYPU float ZOSTANA SCALED^^^^^
2026-03-06 11:25:15 - klasy_data.d1_pds - INFO - Index(['t_air', 't_powrotu', 't_zasilania', 'wind_speed_10m',
       'wind_speed_100m', 'ghi', 'direct_radiation', 'diffuse_radiation',
       'sin_hour', 'cos_hour', 'sin_month', 'cos_month', 'sin_day_of_week',
       'cos_day_of_week', 'roll_mean_6_MW_th', 'roll_mean_6_cloud_cover',
       'roll_mean_6_diffuse_radiation', 'roll_mean_6_direct_radiation',
       'roll_mean_6_humidity', 'roll_mean_6_t_air', 'roll_mean_6_t_powrotu',
       'roll_mean_6_t_zasilania', 'roll_mean_6_wind_speed_100m',
       'roll_mean_6_wind_speed_10m', 'roll_mean_48_MW_th',
       'roll_mean_48_cloud_cover', 'roll_mean_48_diffuse_radiation',
       'roll_mean_48_direct_radiation', 'roll_mean_48_humidity',
       'roll_mean_48_t_air', 'roll_mean_48_t_powrotu',
       'roll_mean_48_t_zasilania', 'roll_mean_48_wind_speed_100m',
       'roll_mean_48_wind_speed_10m', 'lag_1_MW_th', 'lag_2_MW_th',
       'lag_24_MW_th', 'lag_48_MW_th', 'lag_168_MW_th'],
      dtype='object')
2026-03-06 11:25:15 - klasy_data.d1_pds - INFO - ^^^^^^SKALOWANIE POWIODLO SIE^^^^^
2026-03-06 11:25:15 - klasy_data.d1_pds - INFO - jest 43635 i 43635, len(df) i len(df_for_keras) powinny być sobie równe

2026-03-06 11:25:16 - klasy_jesien.archit1_shallow - INFO - 

==================Data Mono==================
2026-03-06 11:25:16 - klasy_jesien.archit1_shallow - INFO - 

=========Run 0=========
2026-03-06 11:26:44 - klasy_jesien.archit1_shallow - INFO - Czas treningu dla Run 0: 1 minut 
nval_mse, val_mae = 8.442, 1.713
2026-03-06 11:26:44 - klasy_jesien.archit1_shallow - INFO - 

=========Run 1=========
2026-03-06 11:28:16 - klasy_jesien.archit1_shallow - INFO - Czas treningu dla Run 1: 2 minut 
nval_mse, val_mae = 8.5, 1.715
2026-03-06 11:30:42 - klasy_jesien.archit1_shallow - INFO - 

permutation importance, użyty model shallow: rfr

2026-03-06 11:30:42 - klasy_jesien.archit1_shallow - INFO -                            feature  importance_mean  importance_std
41                     lag_1_MW_th            17.58            0.10
21               roll_mean_6_MW_th             5.46            0.04
2                      t_zasilania             1.00            0.01
42                     lag_2_MW_th             0.85            0.01
0                            t_air             0.76            0.01
31              roll_mean_48_MW_th             0.26            0.00
43                    lag_24_MW_th             0.19            0.00
44                    lag_48_MW_th             0.13            0.00
5                              ghi             0.13            0.01
36              roll_mean_48_t_air             0.12            0.00
15                        sin_hour             0.09            0.01
11                            hour             0.09            0.01
28         roll_mean_6_t_zasilania             0.08            0.00
26               roll_mean_6_t_air             0.08            0.00
6                 direct_radiation             0.05            0.01
45                   lag_168_MW_th             0.05            0.00
14                     day_of_year             0.05            0.00
12                           month             0.04            0.00
24    roll_mean_6_direct_radiation             0.02            0.00
1                        t_powrotu             0.02            0.00
7                diffuse_radiation             0.02            0.00
16                        cos_hour             0.02            0.00
27           roll_mean_6_t_powrotu             0.01            0.00
23   roll_mean_6_diffuse_radiation             0.01            0.00
17                       sin_month             0.01            0.00
22         roll_mean_6_cloud_cover             0.01            0.00
34   roll_mean_48_direct_radiation             0.01            0.00
18                       cos_month             0.01            0.00
8                      cloud_cover             0.01            0.00
25            roll_mean_6_humidity             0.01            0.00
33  roll_mean_48_diffuse_radiation             0.01            0.00
32        roll_mean_48_cloud_cover             0.00            0.00
37          roll_mean_48_t_powrotu             0.00            0.00
38        roll_mean_48_t_zasilania             0.00            0.00
9                         humidity             0.00            0.00
35           roll_mean_48_humidity             0.00            0.00
4                  wind_speed_100m             0.00            0.00
20                 cos_day_of_week             0.00            0.00
30      roll_mean_6_wind_speed_10m             0.00            0.00
19                 sin_day_of_week             0.00            0.00
29     roll_mean_6_wind_speed_100m             0.00            0.00
13                     day_of_week             0.00            0.00
3                   wind_speed_10m            -0.00            0.00
40     roll_mean_48_wind_speed_10m            -0.00            0.00
10                      is_weekend            -0.00            0.00
39    roll_mean_48_wind_speed_100m            -0.00            0.00
2026-03-06 11:30:51 - klasy_jesien.handler_dfres - INFO - ✓ Wygenerowano wykresy dla __shallow_single__2026-03-06_11-25__rfr
2026-03-06 11:30:51 - klasy_jesien.runner - INFO - 

2026-03-06_11-30 --- SKONCZYL LICZYC
2026-03-06 11:30:51 - klasy_jesien.runner - INFO - 

Czas robienia: 5.595253 minut
2026-03-06 11:30:51 - klasy_jesien.runner - ERROR - 

2026-03-06_11-30 --- BŁĄD PODCZAS LICZENIA
2026-03-06 11:30:51 - klasy_jesien.runner - ERROR - Błąd: No module named 'gi'
Traceback (most recent call last):
  File "/home/sylwia/spyder-py3/elektrownia/mlperp/klasy_jesien/runner.py", line 240, in run_experiment
    playsound(arabian_wav)
  File "/home/sylwia/anaconda3/envs/env_mlperp/lib/python3.10/site-packages/playsound.py", line 91, in _playsoundNix
    import gi
ModuleNotFoundError: No module named 'gi'
2026-03-06 11:30:51 - klasy_jesien.runner - ERROR - 

Czas do błędu: 5.595257 minut
2026-03-06 13:28:13 - klasy_jesien.runner - INFO - 









######################################################################
2026-03-06 13:28:13 - klasy_data.d1_pds - INFO - ================================================================================
2026-03-06 13:28:13 - klasy_data.d1_pds - INFO - Inicjalizacja PdsSetup w PdsSetup
2026-03-06 13:28:13 - klasy_data.d1_pds - INFO - Wczytuje dane z pliku CSV ../mojecsvy/gdaciep/cieplo_pogoda_czas__sg.csv
2026-03-06 13:28:13 - klasy_data.d1_pds - DEBUG - Sorted columns of df: ['cloud_cover', 'cos_day_of_week', 'cos_hour', 'cos_month', 'day_of_week', 'day_of_year', 'diffuse_radiation', 'direct_radiation', 'ghi', 'hour', 'humidity', 'is_weekend', 'lag_168_MW_th', 'lag_1_MW_th', 'lag_24_MW_th', 'lag_2_MW_th', 'lag_48_MW_th', 'month', 'roll_mean_48_MW_th', 'roll_mean_48_cloud_cover', 'roll_mean_48_diffuse_radiation', 'roll_mean_48_direct_radiation', 'roll_mean_48_humidity', 'roll_mean_48_t_air', 'roll_mean_48_t_powrotu', 'roll_mean_48_t_zasilania', 'roll_mean_48_wind_speed_100m', 'roll_mean_48_wind_speed_10m', 'roll_mean_6_MW_th', 'roll_mean_6_cloud_cover', 'roll_mean_6_diffuse_radiation', 'roll_mean_6_direct_radiation', 'roll_mean_6_humidity', 'roll_mean_6_t_air', 'roll_mean_6_t_powrotu', 'roll_mean_6_t_zasilania', 'roll_mean_6_wind_speed_100m', 'roll_mean_6_wind_speed_10m', 'sin_day_of_week', 'sin_hour', 'sin_month', 't_air', 't_powrotu', 't_zasilania', 'target', 'wind_speed_100m', 'wind_speed_10m']
2026-03-06 13:28:13 - klasy_data.d1_pds - INFO - ^^^^^^UWAGA UWAGA, TYLKO KOLUMNY TYPU float ZOSTANA SCALED^^^^^
2026-03-06 13:28:13 - klasy_data.d1_pds - INFO - Index(['t_air', 't_powrotu', 't_zasilania', 'wind_speed_10m',
       'wind_speed_100m', 'ghi', 'direct_radiation', 'diffuse_radiation',
       'sin_hour', 'cos_hour', 'sin_month', 'cos_month', 'sin_day_of_week',
       'cos_day_of_week', 'roll_mean_6_MW_th', 'roll_mean_6_cloud_cover',
       'roll_mean_6_diffuse_radiation', 'roll_mean_6_direct_radiation',
       'roll_mean_6_humidity', 'roll_mean_6_t_air', 'roll_mean_6_t_powrotu',
       'roll_mean_6_t_zasilania', 'roll_mean_6_wind_speed_100m',
       'roll_mean_6_wind_speed_10m', 'roll_mean_48_MW_th',
       'roll_mean_48_cloud_cover', 'roll_mean_48_diffuse_radiation',
       'roll_mean_48_direct_radiation', 'roll_mean_48_humidity',
       'roll_mean_48_t_air', 'roll_mean_48_t_powrotu',
       'roll_mean_48_t_zasilania', 'roll_mean_48_wind_speed_100m',
       'roll_mean_48_wind_speed_10m', 'lag_1_MW_th', 'lag_2_MW_th',
       'lag_24_MW_th', 'lag_48_MW_th', 'lag_168_MW_th'],
      dtype='object')
2026-03-06 13:28:13 - klasy_data.d1_pds - INFO - ^^^^^^SKALOWANIE POWIODLO SIE^^^^^
2026-03-06 13:28:13 - klasy_data.d1_pds - INFO - jest 43635 i 43635, len(df) i len(df_for_keras) powinny być sobie równe

2026-03-06 13:28:13 - klasy_jesien.archit1_shallow - INFO - 

==================Data Mono==================
2026-03-06 13:28:13 - klasy_jesien.archit1_shallow - INFO - 

=========Run 0=========
2026-03-06 13:29:41 - klasy_jesien.archit1_shallow - INFO - Czas treningu dla Run 0: 1 minut 
nval_mse, val_mae = 8.501, 1.715
2026-03-06 13:29:41 - klasy_jesien.archit1_shallow - INFO - 

=========Run 1=========
2026-03-06 13:31:09 - klasy_jesien.archit1_shallow - INFO - Czas treningu dla Run 1: 1 minut 
nval_mse, val_mae = 8.51, 1.715
2026-03-06 13:33:18 - klasy_jesien.archit1_shallow - INFO - 

permutation importance, użyty model shallow: rfr

2026-03-06 13:33:18 - klasy_jesien.archit1_shallow - INFO -                            feature  importance_mean  importance_std
41                     lag_1_MW_th            17.39            0.10
21               roll_mean_6_MW_th             5.21            0.04
2                      t_zasilania             1.02            0.01
42                     lag_2_MW_th             0.96            0.01
0                            t_air             0.71            0.01
31              roll_mean_48_MW_th             0.36            0.01
43                    lag_24_MW_th             0.19            0.00
36              roll_mean_48_t_air             0.14            0.00
44                    lag_48_MW_th             0.12            0.00
5                              ghi             0.12            0.01
11                            hour             0.09            0.01
15                        sin_hour             0.09            0.01
28         roll_mean_6_t_zasilania             0.09            0.00
26               roll_mean_6_t_air             0.09            0.00
14                     day_of_year             0.06            0.00
6                 direct_radiation             0.06            0.01
45                   lag_168_MW_th             0.04            0.00
12                           month             0.03            0.00
24    roll_mean_6_direct_radiation             0.02            0.00
1                        t_powrotu             0.02            0.00
7                diffuse_radiation             0.02            0.00
16                        cos_hour             0.02            0.00
27           roll_mean_6_t_powrotu             0.01            0.00
22         roll_mean_6_cloud_cover             0.01            0.00
23   roll_mean_6_diffuse_radiation             0.01            0.00
33  roll_mean_48_diffuse_radiation             0.01            0.00
34   roll_mean_48_direct_radiation             0.01            0.00
18                       cos_month             0.01            0.00
8                      cloud_cover             0.01            0.00
25            roll_mean_6_humidity             0.01            0.00
17                       sin_month             0.01            0.00
32        roll_mean_48_cloud_cover             0.00            0.00
37          roll_mean_48_t_powrotu             0.00            0.00
38        roll_mean_48_t_zasilania             0.00            0.00
35           roll_mean_48_humidity             0.00            0.00
9                         humidity             0.00            0.00
19                 sin_day_of_week             0.00            0.00
20                 cos_day_of_week             0.00            0.00
4                  wind_speed_100m             0.00            0.00
30      roll_mean_6_wind_speed_10m             0.00            0.00
3                   wind_speed_10m             0.00            0.00
13                     day_of_week             0.00            0.00
10                      is_weekend             0.00            0.00
29     roll_mean_6_wind_speed_100m            -0.00            0.00
39    roll_mean_48_wind_speed_100m            -0.00            0.00
40     roll_mean_48_wind_speed_10m            -0.00            0.00
2026-03-06 13:33:26 - klasy_jesien.handler_dfres - INFO - ✓ Wygenerowano wykresy dla __shallow_single__2026-03-06_13-28__rfr
2026-03-06 13:33:26 - klasy_jesien.runner - INFO - 

2026-03-06_13-33 --- SKONCZYL LICZYC
2026-03-06 13:33:26 - klasy_jesien.runner - INFO - 

Czas robienia: 5.212470 minut
2026-03-06 13:50:04 - klasy_jesien.runner - INFO - 









######################################################################
2026-03-06 13:50:04 - klasy_data.d1_pds - INFO - ================================================================================
2026-03-06 13:50:04 - klasy_data.d1_pds - INFO - Inicjalizacja PdsSetup w PdsSetup
2026-03-06 13:50:04 - klasy_data.d1_pds - INFO - Wczytuje dane z pliku CSV ../mojecsvy/gdaciep/cieplo_pogoda_czas__sg.csv
2026-03-06 13:50:04 - klasy_data.d1_pds - DEBUG - Sorted columns of df: ['cloud_cover', 'cos_day_of_week', 'cos_hour', 'cos_month', 'day_of_week', 'day_of_year', 'diffuse_radiation', 'direct_radiation', 'ghi', 'hour', 'humidity', 'is_weekend', 'lag_168_MW_th', 'lag_1_MW_th', 'lag_24_MW_th', 'lag_2_MW_th', 'lag_48_MW_th', 'month', 'roll_mean_48_MW_th', 'roll_mean_48_cloud_cover', 'roll_mean_48_diffuse_radiation', 'roll_mean_48_direct_radiation', 'roll_mean_48_humidity', 'roll_mean_48_t_air', 'roll_mean_48_t_powrotu', 'roll_mean_48_t_zasilania', 'roll_mean_48_wind_speed_100m', 'roll_mean_48_wind_speed_10m', 'roll_mean_6_MW_th', 'roll_mean_6_cloud_cover', 'roll_mean_6_diffuse_radiation', 'roll_mean_6_direct_radiation', 'roll_mean_6_humidity', 'roll_mean_6_t_air', 'roll_mean_6_t_powrotu', 'roll_mean_6_t_zasilania', 'roll_mean_6_wind_speed_100m', 'roll_mean_6_wind_speed_10m', 'sin_day_of_week', 'sin_hour', 'sin_month', 't_air', 't_powrotu', 't_zasilania', 'target', 'wind_speed_100m', 'wind_speed_10m']
2026-03-06 13:50:04 - klasy_data.d1_pds - INFO - ^^^^^^UWAGA UWAGA, TYLKO KOLUMNY TYPU float ZOSTANA SCALED^^^^^
2026-03-06 13:50:04 - klasy_data.d1_pds - INFO - Index(['t_air', 't_powrotu', 't_zasilania', 'wind_speed_10m',
       'wind_speed_100m', 'ghi', 'direct_radiation', 'diffuse_radiation',
       'sin_hour', 'cos_hour', 'sin_month', 'cos_month', 'sin_day_of_week',
       'cos_day_of_week', 'roll_mean_6_MW_th', 'roll_mean_6_cloud_cover',
       'roll_mean_6_diffuse_radiation', 'roll_mean_6_direct_radiation',
       'roll_mean_6_humidity', 'roll_mean_6_t_air', 'roll_mean_6_t_powrotu',
       'roll_mean_6_t_zasilania', 'roll_mean_6_wind_speed_100m',
       'roll_mean_6_wind_speed_10m', 'roll_mean_48_MW_th',
       'roll_mean_48_cloud_cover', 'roll_mean_48_diffuse_radiation',
       'roll_mean_48_direct_radiation', 'roll_mean_48_humidity',
       'roll_mean_48_t_air', 'roll_mean_48_t_powrotu',
       'roll_mean_48_t_zasilania', 'roll_mean_48_wind_speed_100m',
       'roll_mean_48_wind_speed_10m', 'lag_1_MW_th', 'lag_2_MW_th',
       'lag_24_MW_th', 'lag_48_MW_th', 'lag_168_MW_th'],
      dtype='object')
2026-03-06 13:50:05 - klasy_data.d1_pds - INFO - ^^^^^^SKALOWANIE POWIODLO SIE^^^^^
2026-03-06 13:50:05 - klasy_data.d1_pds - INFO - jest 43635 i 43635, len(df) i len(df_for_keras) powinny być sobie równe

2026-03-06 13:50:12 - klasy_jesien.archit2_deep - INFO - 

==================Data Mono==================
2026-03-06 13:50:12 - klasy_jesien.archit2_deep - INFO - 

=========Run 0=========
2026-03-06 13:50:23 - h5py._conv - DEBUG - Creating converter from 5 to 3
2026-03-06 14:05:00 - klasy_jesien.archit2_deep - INFO - Czas treningu dla Run 0: 15 minut 
nval_mse, val_mae = 50.311, 5.426
2026-03-06 14:05:00 - klasy_jesien.archit2_deep - INFO - 

=========Run 1=========
2026-03-06 14:14:07 - klasy_jesien.archit2_deep - INFO - Czas treningu dla Run 1: 9 minut 
nval_mse, val_mae = 53.927, 5.558
2026-03-06 14:14:16 - klasy_jesien.handler_dfres - INFO - ✓ Wygenerowano wykresy dla __deep_single__2026-03-06_13-50__bs128_sl72__2runs
2026-03-06 14:14:16 - klasy_jesien.runner - INFO - 

2026-03-06_14-14 --- SKONCZYL LICZYC
2026-03-06 14:14:16 - klasy_jesien.runner - INFO - 

Czas robienia: 24.211691 minut
2026-03-06 23:22:46 - Comm - DEBUG - handle_close[cac345d0194511f1b9af52540011ade1]({'header': {'msg_id': 'b4de0a2c-6c957caef7c5879e18fdbaae_5949_15', 'msg_type': 'comm_close', 'username': 'sylwia', 'session': 'b4de0a2c-6c957caef7c5879e18fdbaae', 'date': datetime.datetime(2026, 3, 6, 22, 22, 46, 131064, tzinfo=tzutc()), 'version': '5.3'}, 'msg_id': 'b4de0a2c-6c957caef7c5879e18fdbaae_5949_15', 'msg_type': 'comm_close', 'parent_header': {}, 'metadata': {}, 'content': {'comm_id': 'cac345d0194511f1b9af52540011ade1', 'data': {}}, 'buffers': []})
